#
# There is insufficient memory for the Java Runtime Environment to continue.
# Native memory allocation (malloc) failed to allocate 1048576 bytes for AllocateHeap
# Possible reasons:
#   The system is out of physical RAM or swap space
#   The process is running with CompressedOops enabled, and the Java Heap may be blocking the growth of the native heap
# Possible solutions:
#   Reduce memory load on the system
#   Increase physical memory or swap space
#   Check if swap backing store is full
#   Decrease Java heap size (-Xmx/-Xms)
#   Decrease number of Java threads
#   Decrease Java thread stack sizes (-Xss)
#   Set larger code cache with -XX:ReservedCodeCacheSize=
#   JVM is running with Unscaled Compressed Oops mode in which the Java heap is
#     placed in the first 4GB address space. The Java Heap base address is the
#     maximum limit for the native heap growth. Please use -XX:HeapBaseMinAddress
#     to set the Java Heap base and to place the Java Heap above 4GB virtual address.
# This output file may be truncated or incomplete.
#
#  Out of Memory Error (allocation.cpp:44), pid=14948, tid=19556
#
# JRE version: OpenJDK Runtime Environment Temurin-17.0.6+10 (17.0.6+10) (build 17.0.6+10)
# Java VM: OpenJDK 64-Bit Server VM Temurin-17.0.6+10 (17.0.6+10, mixed mode, emulated-client, tiered, compressed oops, compressed class ptrs, g1 gc, windows-amd64)
# No core dump will be written. Minidumps are not enabled by default on client versions of Windows
#

---------------  S U M M A R Y ------------

Command Line: -XX:+HeapDumpOnOutOfMemoryError -Xmx1024m -Dsts.lsp.client=vscode -Dsts.log.file=/dev/null -XX:TieredStopAtLevel=1 -Xlog:jni+resolve=off -Dspring.config.location=file:c:\Users\yvang\.vscode-insiders\extensions\vmware.vscode-spring-boot-1.44.0\language-server\BOOT-INF\classes\application.properties org.springframework.ide.vscode.boot.app.BootLanguageServerBootApp

Host: Intel(R) Core(TM) i7-10510U CPU @ 1.80GHz, 8 cores, 15G,  Windows 11 , 64 bit Build 22621 (10.0.22621.1037)
Time: Tue Feb 21 19:37:51 2023 Romance Standard Time elapsed time: 3049.670138 seconds (0d 0h 50m 49s)

---------------  T H R E A D  ---------------

Current thread (0x000001eceac9e140):  VMThread "VM Thread" [stack: 0x000000cbc8a00000,0x000000cbc8b00000] [id=19556]

Stack: [0x000000cbc8a00000,0x000000cbc8b00000]
Native frames: (J=compiled Java code, j=interpreted, Vv=VM code, C=native code)
V  [jvm.dll+0x67741a]
V  [jvm.dll+0x834434]
V  [jvm.dll+0x835bde]
V  [jvm.dll+0x836243]
V  [jvm.dll+0x2457b5]
V  [jvm.dll+0xa626f]
V  [jvm.dll+0x2f5ad3]
V  [jvm.dll+0x2f17e0]
V  [jvm.dll+0x2d9ee7]
V  [jvm.dll+0x31ce67]
V  [jvm.dll+0x83a6eb]
V  [jvm.dll+0x83b424]
V  [jvm.dll+0x83b93c]
V  [jvm.dll+0x83bd14]
V  [jvm.dll+0x83bde0]
V  [jvm.dll+0x7e483a]
V  [jvm.dll+0x6762c5]
C  [ucrtbase.dll+0x29363]
C  [KERNEL32.DLL+0x126bd]
C  [ntdll.dll+0x5dfb8]

VM_Operation (0x000000cbca4fee10): G1CollectFull, mode: safepoint, requested by thread 0x000001ecece174e0


---------------  P R O C E S S  ---------------

Threads class SMR info:
_java_thread_list=0x000001ecef0b40c0, length=47, elements={
0x000001eceb820860, 0x000001eceb821120, 0x000001eceb85b6e0, 0x000001eceb85bfa0,
0x000001eceb85e870, 0x000001eceb85f130, 0x000001eceb85f9f0, 0x000001eceb8602f0,
0x000001eceba625d0, 0x000001eceba6e0c0, 0x000001ecec320440, 0x000001ecece17010,
0x000001ecece174e0, 0x000001ececdec1f0, 0x000001ecdfe4af50, 0x000001ecec2d3820,
0x000001ecec3df6d0, 0x000001ecec36cba0, 0x000001eced010d30, 0x000001eced00b690,
0x000001eced00eb80, 0x000001eced00b1c0, 0x000001eced00f520, 0x000001eced00bb60,
0x000001eced0116d0, 0x000001eced011200, 0x000001eced00fec0, 0x000001eced010390,
0x000001eced010860, 0x000001eced00c030, 0x000001eced00a350, 0x000001eced00dd10,
0x000001eced00c9d0, 0x000001eced00a820, 0x000001eced00acf0, 0x000001eced00d370,
0x000001eced00e1e0, 0x000001eced00cea0, 0x000001eced00e6b0, 0x000001ecec36aec0,
0x000001ecec36b390, 0x000001ecec36d070, 0x000001ecec36a9f0, 0x000001ecec36b860,
0x000001ecec36d540, 0x000001ecec36a050, 0x000001ecec36da10
}

Java Threads: ( => current thread )
  0x000001eceb820860 JavaThread "Reference Handler" daemon [_thread_blocked, id=31800, stack(0x000000cbc8b00000,0x000000cbc8c00000)]
  0x000001eceb821120 JavaThread "Finalizer" daemon [_thread_blocked, id=15596, stack(0x000000cbc8c00000,0x000000cbc8d00000)]
  0x000001eceb85b6e0 JavaThread "Signal Dispatcher" daemon [_thread_blocked, id=17900, stack(0x000000cbc8d00000,0x000000cbc8e00000)]
  0x000001eceb85bfa0 JavaThread "Attach Listener" daemon [_thread_blocked, id=32072, stack(0x000000cbc8e00000,0x000000cbc8f00000)]
  0x000001eceb85e870 JavaThread "Service Thread" daemon [_thread_blocked, id=6076, stack(0x000000cbc8f00000,0x000000cbc9000000)]
  0x000001eceb85f130 JavaThread "Monitor Deflation Thread" daemon [_thread_blocked, id=4044, stack(0x000000cbc9000000,0x000000cbc9100000)]
  0x000001eceb85f9f0 JavaThread "C1 CompilerThread0" daemon [_thread_blocked, id=4784, stack(0x000000cbc9100000,0x000000cbc9200000)]
  0x000001eceb8602f0 JavaThread "Sweeper thread" daemon [_thread_blocked, id=29980, stack(0x000000cbc9200000,0x000000cbc9300000)]
  0x000001eceba625d0 JavaThread "Notification Thread" daemon [_thread_blocked, id=19068, stack(0x000000cbc9500000,0x000000cbc9600000)]
  0x000001eceba6e0c0 JavaThread "Common-Cleaner" daemon [_thread_blocked, id=14440, stack(0x000000cbc9700000,0x000000cbc9800000)]
  0x000001ecec320440 JavaThread "boundedElastic-evictor-1" daemon [_thread_blocked, id=19428, stack(0x000000cbc9f00000,0x000000cbca000000)]
  0x000001ecece17010 JavaThread "boundedElastic-evictor-2" daemon [_thread_blocked, id=17800, stack(0x000000cbca300000,0x000000cbca400000)]
  0x000001ecece174e0 JavaThread "pool-10-thread-1" [_thread_blocked, id=15784, stack(0x000000cbca400000,0x000000cbca500000)]
  0x000001ececdec1f0 JavaThread "LanguageServerApp-lifecycle" [_thread_blocked, id=29672, stack(0x000000cbca500000,0x000000cbca600000)]
  0x000001ecdfe4af50 JavaThread "DestroyJavaVM" [_thread_blocked, id=524, stack(0x000000cbc8400000,0x000000cbc8500000)]
  0x000001ecec2d3820 JavaThread "pool-11-thread-1" [_thread_in_native, id=10216, stack(0x000000cbca600000,0x000000cbca700000)]
  0x000001ecec3df6d0 JavaThread "Simple-Language-Server main thread" daemon [_thread_blocked, id=33156, stack(0x000000cbca700000,0x000000cbca800000)]
  0x000001ecec36cba0 JavaThread "parallel-1" daemon [_thread_blocked, id=18224, stack(0x000000cbcad00000,0x000000cbcae00000)]
  0x000001eced010d30 JavaThread "pool-4-thread-1" [_thread_blocked, id=33532, stack(0x000000cbcbc00000,0x000000cbcbd00000)]
  0x000001eced00b690 JavaThread "parallel-2" daemon [_thread_blocked, id=33308, stack(0x000000cbcbd00000,0x000000cbcbe00000)]
  0x000001eced00eb80 JavaThread "parallel-3" daemon [_thread_blocked, id=33088, stack(0x000000cbcbe00000,0x000000cbcbf00000)]
  0x000001eced00b1c0 JavaThread "parallel-4" daemon [_thread_blocked, id=4736, stack(0x000000cbcae00000,0x000000cbcaf00000)]
  0x000001eced00f520 JavaThread "parallel-5" daemon [_thread_blocked, id=16656, stack(0x000000cbcaf00000,0x000000cbcb000000)]
  0x000001eced00bb60 JavaThread "pool-7-thread-1" [_thread_blocked, id=21612, stack(0x000000cbc9400000,0x000000cbc9500000)]
  0x000001eced0116d0 JavaThread "pool-7-thread-2" [_thread_blocked, id=27600, stack(0x000000cbca000000,0x000000cbca100000)]
  0x000001eced011200 JavaThread "pool-6-thread-1" [_thread_blocked, id=32840, stack(0x000000cbc8300000,0x000000cbc8400000)]
  0x000001eced00fec0 JavaThread "parallel-6" daemon [_thread_blocked, id=19368, stack(0x000000cbca800000,0x000000cbca900000)]
  0x000001eced010390 JavaThread "Reconciler-1" daemon [_thread_blocked, id=15412, stack(0x000000cbca900000,0x000000cbcaa00000)]
  0x000001eced010860 JavaThread "pool-7-thread-3" [_thread_blocked, id=26720, stack(0x000000cbca100000,0x000000cbca200000)]
  0x000001eced00c030 JavaThread "pool-7-thread-4" [_thread_blocked, id=31016, stack(0x000000cbcac00000,0x000000cbcad00000)]
  0x000001eced00a350 JavaThread "pool-7-thread-5" [_thread_blocked, id=6652, stack(0x000000cbcb000000,0x000000cbcb100000)]
  0x000001eced00dd10 JavaThread "pool-5-thread-1" [_thread_blocked, id=11224, stack(0x000000cbcb100000,0x000000cbcb200000)]
  0x000001eced00c9d0 JavaThread "RMI RenewClean-[localhost:53064]" daemon [_thread_blocked, id=33252, stack(0x000000cbcb200000,0x000000cbcb300000)]
  0x000001eced00a820 JavaThread "RMI GC Daemon" daemon [_thread_blocked, id=2460, stack(0x000000cbcb300000,0x000000cbcb400000)]
  0x000001eced00acf0 JavaThread "RMI Scheduler(0)" daemon [_thread_blocked, id=16756, stack(0x000000cbcb400000,0x000000cbcb500000)]
  0x000001eced00d370 JavaThread "JMX client heartbeat 2" daemon [_thread_blocked, id=4276, stack(0x000000cbcb500000,0x000000cbcb600000)]
  0x000001eced00e1e0 JavaThread "pool-5-thread-2" [_thread_blocked, id=20300, stack(0x000000cbcb600000,0x000000cbcb700000)]
  0x000001eced00cea0 JavaThread "pool-5-thread-3" [_thread_blocked, id=2856, stack(0x000000cbcb700000,0x000000cbcb800000)]
  0x000001eced00e6b0 JavaThread "pool-5-thread-4" [_thread_blocked, id=27440, stack(0x000000cbcb800000,0x000000cbcb900000)]
  0x000001ecec36aec0 JavaThread "pool-5-thread-5" [_thread_blocked, id=5896, stack(0x000000cbcb900000,0x000000cbcba00000)]
  0x000001ecec36b390 JavaThread "pool-5-thread-6" [_thread_blocked, id=29820, stack(0x000000cbcba00000,0x000000cbcbb00000)]
  0x000001ecec36d070 JavaThread "pool-5-thread-7" [_thread_blocked, id=20024, stack(0x000000cbcbb00000,0x000000cbcbc00000)]
  0x000001ecec36a9f0 JavaThread "pool-5-thread-8" [_thread_blocked, id=28692, stack(0x000000cbcc000000,0x000000cbcc100000)]
  0x000001ecec36b860 JavaThread "pool-5-thread-9" [_thread_blocked, id=20044, stack(0x000000cbcc200000,0x000000cbcc300000)]
  0x000001ecec36d540 JavaThread "pool-5-thread-10" [_thread_blocked, id=19416, stack(0x000000cbcc300000,0x000000cbcc400000)]
  0x000001ecec36a050 JavaThread "parallel-7" daemon [_thread_blocked, id=35184, stack(0x000000cbc9300000,0x000000cbc9400000)]
  0x000001ecec36da10 JavaThread "parallel-8" daemon [_thread_blocked, id=36784, stack(0x000000cbcaa00000,0x000000cbcab00000)]

Other Threads:
=>0x000001eceac9e140 VMThread "VM Thread" [stack: 0x000000cbc8a00000,0x000000cbc8b00000] [id=19556]
  0x000001eceba62aa0 WatcherThread [stack: 0x000000cbc9600000,0x000000cbc9700000] [id=17168]
  0x000001ecdfe897d0 GCTaskThread "GC Thread#0" [stack: 0x000000cbc8500000,0x000000cbc8600000] [id=12408]
  0x000001ecec490050 GCTaskThread "GC Thread#1" [stack: 0x000000cbc9800000,0x000000cbc9900000] [id=32920]
  0x000001ecec490300 GCTaskThread "GC Thread#2" [stack: 0x000000cbc9900000,0x000000cbc9a00000] [id=32888]
  0x000001ecec4905b0 GCTaskThread "GC Thread#3" [stack: 0x000000cbc9a00000,0x000000cbc9b00000] [id=13680]
  0x000001ecec490860 GCTaskThread "GC Thread#4" [stack: 0x000000cbc9b00000,0x000000cbc9c00000] [id=4412]
  0x000001ecec490b10 GCTaskThread "GC Thread#5" [stack: 0x000000cbc9c00000,0x000000cbc9d00000] [id=32788]
  0x000001ecebed6530 GCTaskThread "GC Thread#6" [stack: 0x000000cbc9d00000,0x000000cbc9e00000] [id=20784]
  0x000001ecec74ded0 GCTaskThread "GC Thread#7" [stack: 0x000000cbc9e00000,0x000000cbc9f00000] [id=2828]
  0x000001ecdfe92710 ConcurrentGCThread "G1 Main Marker" [stack: 0x000000cbc8600000,0x000000cbc8700000] [id=25048]
  0x000001ecdfe934c0 ConcurrentGCThread "G1 Conc#0" [stack: 0x000000cbc8700000,0x000000cbc8800000] [id=32624]
  0x000001ecec9207b0 ConcurrentGCThread "G1 Conc#1" [stack: 0x000000cbca200000,0x000000cbca300000] [id=28028]
  0x000001ecdfefeb70 ConcurrentGCThread "G1 Refine#0" [stack: 0x000000cbc8800000,0x000000cbc8900000] [id=28844]
  0x000001ecef6f6c50 ConcurrentGCThread "G1 Refine#1" [stack: 0x000000cbcbf00000,0x000000cbcc000000] [id=33296]
  0x000001ecefbe7860 ConcurrentGCThread "G1 Refine#2" [stack: 0x000000cbcc100000,0x000000cbcc200000] [id=33436]
  0x000001eced3bce10 ConcurrentGCThread "G1 Refine#3" [stack: 0x000000cbc8100000,0x000000cbc8200000] [id=32860]
  0x000001eceab10ba0 ConcurrentGCThread "G1 Service" [stack: 0x000000cbc8900000,0x000000cbc8a00000] [id=16476]

Threads with active compile tasks:

VM state: at safepoint (normal execution)

VM Mutex/Monitor currently owned by a thread:  ([mutex/lock_event])
[0x000001ecddd80bb0] Threads_lock - owner thread: 0x000001eceac9e140
[0x000001ecdfe47970] Heap_lock - owner thread: 0x000001ecece174e0

Heap address: 0x00000000c0000000, size: 1024 MB, Compressed Oops mode: 32-bit

CDS archive(s) not mapped
Compressed class space mapped at: 0x0000000100000000-0x0000000140000000, reserved size: 1073741824
Narrow klass base: 0x0000000000000000, Narrow klass shift: 3, Narrow klass range: 0x140000000

GC Precious Log:
 CPUs: 8 total, 8 available
 Memory: 16212M
 Large Page Support: Disabled
 NUMA Support: Disabled
 Compressed Oops: Enabled (32-bit)
 Heap Region Size: 1M
 Heap Min Capacity: 8M
 Heap Initial Capacity: 254M
 Heap Max Capacity: 1G
 Pre-touch: Disabled
 Parallel Workers: 8
 Concurrent Workers: 2
 Concurrent Refinement Workers: 8
 Periodic GC: Disabled

Heap:
 garbage-first heap   total 133120K, used 39095K [0x00000000c0000000, 0x0000000100000000)
  region size 1024K, 1 young (1024K), 0 survivors (0K)
 Metaspace       used 70791K, committed 71424K, reserved 1114112K
  class space    used 9661K, committed 9920K, reserved 1048576K

Heap Regions: E=young(eden), S=young(survivor), O=old, HS=humongous(starts), HC=humongous(continues), CS=collection set, F=free, OA=open archive, CA=closed archive, TAMS=top-at-mark-start (previous, next)
|   0|0x00000000c0000000, 0x00000000c0100000, 0x00000000c0100000|100%| O|  |TAMS 0x00000000c0100000, 0x00000000c0000000| Untracked 
|   1|0x00000000c0100000, 0x00000000c0200000, 0x00000000c0200000|100%| O|  |TAMS 0x00000000c0200000, 0x00000000c0100000| Untracked 
|   2|0x00000000c0200000, 0x00000000c0300000, 0x00000000c0300000|100%| O|  |TAMS 0x00000000c0300000, 0x00000000c0200000| Untracked 
|   3|0x00000000c0300000, 0x00000000c0400000, 0x00000000c0400000|100%| O|  |TAMS 0x00000000c0400000, 0x00000000c0300000| Untracked 
|   4|0x00000000c0400000, 0x00000000c04ffff0, 0x00000000c0500000| 99%| O|  |TAMS 0x00000000c04ffff0, 0x00000000c0400000| Untracked 
|   5|0x00000000c0500000, 0x00000000c0600000, 0x00000000c0600000|100%| O|  |TAMS 0x00000000c0600000, 0x00000000c0500000| Untracked 
|   6|0x00000000c0600000, 0x00000000c0700000, 0x00000000c0700000|100%| O|  |TAMS 0x00000000c0700000, 0x00000000c0600000| Untracked 
|   7|0x00000000c0700000, 0x00000000c07ffff8, 0x00000000c0800000| 99%| O|  |TAMS 0x00000000c07ffff8, 0x00000000c0700000| Untracked 
|   8|0x00000000c0800000, 0x00000000c08fffe8, 0x00000000c0900000| 99%| O|  |TAMS 0x00000000c08fffe8, 0x00000000c0800000| Untracked 
|   9|0x00000000c0900000, 0x00000000c09fffe8, 0x00000000c0a00000| 99%| O|  |TAMS 0x00000000c09fffe8, 0x00000000c0900000| Untracked 
|  10|0x00000000c0a00000, 0x00000000c0afffe8, 0x00000000c0b00000| 99%| O|  |TAMS 0x00000000c0afffe8, 0x00000000c0a00000| Untracked 
|  11|0x00000000c0b00000, 0x00000000c0c00000, 0x00000000c0c00000|100%| O|  |TAMS 0x00000000c0c00000, 0x00000000c0b00000| Untracked 
|  12|0x00000000c0c00000, 0x00000000c0cfffe8, 0x00000000c0d00000| 99%| O|  |TAMS 0x00000000c0cfffe8, 0x00000000c0c00000| Untracked 
|  13|0x00000000c0d00000, 0x00000000c0dfffc8, 0x00000000c0e00000| 99%| O|  |TAMS 0x00000000c0dfffc8, 0x00000000c0d00000| Untracked 
|  14|0x00000000c0e00000, 0x00000000c0efffc8, 0x00000000c0f00000| 99%| O|  |TAMS 0x00000000c0efffc8, 0x00000000c0e00000| Untracked 
|  15|0x00000000c0f00000, 0x00000000c0ffffe0, 0x00000000c1000000| 99%| O|  |TAMS 0x00000000c0ffffe0, 0x00000000c0f00000| Untracked 
|  16|0x00000000c1000000, 0x00000000c10ffff8, 0x00000000c1100000| 99%| O|  |TAMS 0x00000000c10ffff8, 0x00000000c1000000| Untracked 
|  17|0x00000000c1100000, 0x00000000c11ffff0, 0x00000000c1200000| 99%| O|  |TAMS 0x00000000c11ffff0, 0x00000000c1100000| Untracked 
|  18|0x00000000c1200000, 0x00000000c1300000, 0x00000000c1300000|100%| O|  |TAMS 0x00000000c1300000, 0x00000000c1200000| Untracked 
|  19|0x00000000c1300000, 0x00000000c13ffff8, 0x00000000c1400000| 99%| O|  |TAMS 0x00000000c13ffff8, 0x00000000c1300000| Untracked 
|  20|0x00000000c1400000, 0x00000000c14fff78, 0x00000000c1500000| 99%| O|  |TAMS 0x00000000c14fff78, 0x00000000c1400000| Untracked 
|  21|0x00000000c1500000, 0x00000000c15ffe20, 0x00000000c1600000| 99%| O|  |TAMS 0x00000000c15ffe20, 0x00000000c1500000| Untracked 
|  22|0x00000000c1600000, 0x00000000c1700000, 0x00000000c1700000|100%| O|  |TAMS 0x00000000c1700000, 0x00000000c1600000| Untracked 
|  23|0x00000000c1700000, 0x00000000c17ffff8, 0x00000000c1800000| 99%| O|  |TAMS 0x00000000c17ffff8, 0x00000000c1700000| Untracked 
|  24|0x00000000c1800000, 0x00000000c18ffff0, 0x00000000c1900000| 99%| O|  |TAMS 0x00000000c18ffff0, 0x00000000c1800000| Untracked 
|  25|0x00000000c1900000, 0x00000000c19fffe0, 0x00000000c1a00000| 99%| O|  |TAMS 0x00000000c19fffe0, 0x00000000c1900000| Untracked 
|  26|0x00000000c1a00000, 0x00000000c1afffe8, 0x00000000c1b00000| 99%| O|  |TAMS 0x00000000c1afffe8, 0x00000000c1a00000| Untracked 
|  27|0x00000000c1b00000, 0x00000000c1bff978, 0x00000000c1c00000| 99%| O|  |TAMS 0x00000000c1bff978, 0x00000000c1b00000| Untracked 
|  28|0x00000000c1c00000, 0x00000000c1cfffe8, 0x00000000c1d00000| 99%| O|  |TAMS 0x00000000c1cfffe8, 0x00000000c1c00000| Untracked 
|  29|0x00000000c1d00000, 0x00000000c1dffff0, 0x00000000c1e00000| 99%| O|  |TAMS 0x00000000c1dffff0, 0x00000000c1d00000| Untracked 
|  30|0x00000000c1e00000, 0x00000000c1efffb0, 0x00000000c1f00000| 99%| O|  |TAMS 0x00000000c1efffb0, 0x00000000c1e00000| Untracked 
|  31|0x00000000c1f00000, 0x00000000c2000000, 0x00000000c2000000|100%| O|  |TAMS 0x00000000c2000000, 0x00000000c1f00000| Untracked 
|  32|0x00000000c2000000, 0x00000000c20fffe8, 0x00000000c2100000| 99%| O|  |TAMS 0x00000000c20fffe8, 0x00000000c2000000| Untracked 
|  33|0x00000000c2100000, 0x00000000c21ffff8, 0x00000000c2200000| 99%| O|  |TAMS 0x00000000c21ffff8, 0x00000000c2100000| Untracked 
|  34|0x00000000c2200000, 0x00000000c22e2e00, 0x00000000c2300000| 88%| O|  |TAMS 0x00000000c2200000, 0x00000000c2200000| Untracked 
|  35|0x00000000c2300000, 0x00000000c23ff3f8, 0x00000000c2400000| 99%| O|  |TAMS 0x00000000c23ff3f8, 0x00000000c2300000| Untracked 
|  36|0x00000000c2400000, 0x00000000c244c8e0, 0x00000000c2500000| 29%| O|  |TAMS 0x00000000c2400000, 0x00000000c2400000| Untracked 
|  37|0x00000000c2500000, 0x00000000c2500000, 0x00000000c2600000|  0%| F|  |TAMS 0x00000000c2500000, 0x00000000c2500000| Untracked 
|  38|0x00000000c2600000, 0x00000000c2600000, 0x00000000c2700000|  0%| F|  |TAMS 0x00000000c2600000, 0x00000000c2600000| Untracked 
|  39|0x00000000c2700000, 0x00000000c2700000, 0x00000000c2800000|  0%| F|  |TAMS 0x00000000c2700000, 0x00000000c2700000| Untracked 
|  40|0x00000000c2800000, 0x00000000c2800000, 0x00000000c2900000|  0%| F|  |TAMS 0x00000000c2800000, 0x00000000c2800000| Untracked 
|  41|0x00000000c2900000, 0x00000000c2900000, 0x00000000c2a00000|  0%| F|  |TAMS 0x00000000c2900000, 0x00000000c2900000| Untracked 
|  42|0x00000000c2a00000, 0x00000000c2a00000, 0x00000000c2b00000|  0%| F|  |TAMS 0x00000000c2a00000, 0x00000000c2a00000| Untracked 
|  43|0x00000000c2b00000, 0x00000000c2b00000, 0x00000000c2c00000|  0%| F|  |TAMS 0x00000000c2b00000, 0x00000000c2b00000| Untracked 
|  44|0x00000000c2c00000, 0x00000000c2c00000, 0x00000000c2d00000|  0%| F|  |TAMS 0x00000000c2c00000, 0x00000000c2c00000| Untracked 
|  45|0x00000000c2d00000, 0x00000000c2d00000, 0x00000000c2e00000|  0%| F|  |TAMS 0x00000000c2d00000, 0x00000000c2d00000| Untracked 
|  46|0x00000000c2e00000, 0x00000000c2f00000, 0x00000000c2f00000|100%|HS|  |TAMS 0x00000000c2f00000, 0x00000000c2e00000| Untracked 
|  47|0x00000000c2f00000, 0x00000000c2f00000, 0x00000000c3000000|  0%| F|  |TAMS 0x00000000c2f00000, 0x00000000c2f00000| Untracked 
|  48|0x00000000c3000000, 0x00000000c3000000, 0x00000000c3100000|  0%| F|  |TAMS 0x00000000c3000000, 0x00000000c3000000| Untracked 
|  49|0x00000000c3100000, 0x00000000c3100000, 0x00000000c3200000|  0%| F|  |TAMS 0x00000000c3100000, 0x00000000c3100000| Untracked 
|  50|0x00000000c3200000, 0x00000000c3200000, 0x00000000c3300000|  0%| F|  |TAMS 0x00000000c3200000, 0x00000000c3200000| Untracked 
|  51|0x00000000c3300000, 0x00000000c3300000, 0x00000000c3400000|  0%| F|  |TAMS 0x00000000c3300000, 0x00000000c3300000| Untracked 
|  52|0x00000000c3400000, 0x00000000c3400000, 0x00000000c3500000|  0%| F|  |TAMS 0x00000000c3400000, 0x00000000c3400000| Untracked 
|  53|0x00000000c3500000, 0x00000000c3500000, 0x00000000c3600000|  0%| F|  |TAMS 0x00000000c3500000, 0x00000000c3500000| Untracked 
|  54|0x00000000c3600000, 0x00000000c3600000, 0x00000000c3700000|  0%| F|  |TAMS 0x00000000c3600000, 0x00000000c3600000| Untracked 
|  55|0x00000000c3700000, 0x00000000c3700000, 0x00000000c3800000|  0%| F|  |TAMS 0x00000000c3700000, 0x00000000c3700000| Untracked 
|  56|0x00000000c3800000, 0x00000000c3800000, 0x00000000c3900000|  0%| F|  |TAMS 0x00000000c3800000, 0x00000000c3800000| Untracked 
|  57|0x00000000c3900000, 0x00000000c3900000, 0x00000000c3a00000|  0%| F|  |TAMS 0x00000000c3900000, 0x00000000c3900000| Untracked 
|  58|0x00000000c3a00000, 0x00000000c3a00000, 0x00000000c3b00000|  0%| F|  |TAMS 0x00000000c3a00000, 0x00000000c3a00000| Untracked 
|  59|0x00000000c3b00000, 0x00000000c3b00000, 0x00000000c3c00000|  0%| F|  |TAMS 0x00000000c3b00000, 0x00000000c3b00000| Untracked 
|  60|0x00000000c3c00000, 0x00000000c3c00000, 0x00000000c3d00000|  0%| F|  |TAMS 0x00000000c3c00000, 0x00000000c3c00000| Untracked 
|  61|0x00000000c3d00000, 0x00000000c3d00000, 0x00000000c3e00000|  0%| F|  |TAMS 0x00000000c3d00000, 0x00000000c3d00000| Untracked 
|  62|0x00000000c3e00000, 0x00000000c3e00000, 0x00000000c3f00000|  0%| F|  |TAMS 0x00000000c3e00000, 0x00000000c3e00000| Untracked 
|  63|0x00000000c3f00000, 0x00000000c3f00000, 0x00000000c4000000|  0%| F|  |TAMS 0x00000000c3f00000, 0x00000000c3f00000| Untracked 
|  64|0x00000000c4000000, 0x00000000c4000000, 0x00000000c4100000|  0%| F|  |TAMS 0x00000000c4000000, 0x00000000c4000000| Untracked 
|  65|0x00000000c4100000, 0x00000000c4200000, 0x00000000c4200000|100%| O|  |TAMS 0x00000000c4200000, 0x00000000c4100000| Untracked 
|  66|0x00000000c4200000, 0x00000000c4200000, 0x00000000c4300000|  0%| F|  |TAMS 0x00000000c4200000, 0x00000000c4200000| Untracked 
|  67|0x00000000c4300000, 0x00000000c4300000, 0x00000000c4400000|  0%| F|  |TAMS 0x00000000c4300000, 0x00000000c4300000| Untracked 
|  68|0x00000000c4400000, 0x00000000c4400000, 0x00000000c4500000|  0%| F|  |TAMS 0x00000000c4400000, 0x00000000c4400000| Untracked 
|  69|0x00000000c4500000, 0x00000000c4500000, 0x00000000c4600000|  0%| F|  |TAMS 0x00000000c4500000, 0x00000000c4500000| Untracked 
|  70|0x00000000c4600000, 0x00000000c4600000, 0x00000000c4700000|  0%| F|  |TAMS 0x00000000c4600000, 0x00000000c4600000| Untracked 
|  71|0x00000000c4700000, 0x00000000c4700000, 0x00000000c4800000|  0%| F|  |TAMS 0x00000000c4700000, 0x00000000c4700000| Untracked 
|  72|0x00000000c4800000, 0x00000000c4800000, 0x00000000c4900000|  0%| F|  |TAMS 0x00000000c4800000, 0x00000000c4800000| Untracked 
|  73|0x00000000c4900000, 0x00000000c4900000, 0x00000000c4a00000|  0%| F|  |TAMS 0x00000000c4900000, 0x00000000c4900000| Untracked 
|  74|0x00000000c4a00000, 0x00000000c4a00000, 0x00000000c4b00000|  0%| F|  |TAMS 0x00000000c4a00000, 0x00000000c4a00000| Untracked 
|  75|0x00000000c4b00000, 0x00000000c4b00000, 0x00000000c4c00000|  0%| F|  |TAMS 0x00000000c4b00000, 0x00000000c4b00000| Untracked 
|  76|0x00000000c4c00000, 0x00000000c4c00000, 0x00000000c4d00000|  0%| F|  |TAMS 0x00000000c4c00000, 0x00000000c4c00000| Untracked 
|  77|0x00000000c4d00000, 0x00000000c4d00000, 0x00000000c4e00000|  0%| F|  |TAMS 0x00000000c4d00000, 0x00000000c4d00000| Untracked 
|  78|0x00000000c4e00000, 0x00000000c4e00000, 0x00000000c4f00000|  0%| F|  |TAMS 0x00000000c4e00000, 0x00000000c4e00000| Untracked 
|  79|0x00000000c4f00000, 0x00000000c4f00000, 0x00000000c5000000|  0%| F|  |TAMS 0x00000000c4f00000, 0x00000000c4f00000| Untracked 
|  80|0x00000000c5000000, 0x00000000c5000000, 0x00000000c5100000|  0%| F|  |TAMS 0x00000000c5000000, 0x00000000c5000000| Untracked 
|  81|0x00000000c5100000, 0x00000000c5100000, 0x00000000c5200000|  0%| F|  |TAMS 0x00000000c5100000, 0x00000000c5100000| Untracked 
|  82|0x00000000c5200000, 0x00000000c5200000, 0x00000000c5300000|  0%| F|  |TAMS 0x00000000c5200000, 0x00000000c5200000| Untracked 
|  83|0x00000000c5300000, 0x00000000c5300000, 0x00000000c5400000|  0%| F|  |TAMS 0x00000000c5300000, 0x00000000c5300000| Untracked 
|  84|0x00000000c5400000, 0x00000000c5400000, 0x00000000c5500000|  0%| F|  |TAMS 0x00000000c5400000, 0x00000000c5400000| Untracked 
|  85|0x00000000c5500000, 0x00000000c5500000, 0x00000000c5600000|  0%| F|  |TAMS 0x00000000c5500000, 0x00000000c5500000| Untracked 
|  86|0x00000000c5600000, 0x00000000c5600000, 0x00000000c5700000|  0%| F|  |TAMS 0x00000000c5600000, 0x00000000c5600000| Untracked 
|  87|0x00000000c5700000, 0x00000000c5700000, 0x00000000c5800000|  0%| F|  |TAMS 0x00000000c5700000, 0x00000000c5700000| Untracked 
|  88|0x00000000c5800000, 0x00000000c5800000, 0x00000000c5900000|  0%| F|  |TAMS 0x00000000c5800000, 0x00000000c5800000| Untracked 
|  89|0x00000000c5900000, 0x00000000c5900000, 0x00000000c5a00000|  0%| F|  |TAMS 0x00000000c5900000, 0x00000000c5900000| Untracked 
|  90|0x00000000c5a00000, 0x00000000c5a00000, 0x00000000c5b00000|  0%| F|  |TAMS 0x00000000c5a00000, 0x00000000c5a00000| Untracked 
|  91|0x00000000c5b00000, 0x00000000c5b00000, 0x00000000c5c00000|  0%| F|  |TAMS 0x00000000c5b00000, 0x00000000c5b00000| Untracked 
|  92|0x00000000c5c00000, 0x00000000c5c00000, 0x00000000c5d00000|  0%| F|  |TAMS 0x00000000c5c00000, 0x00000000c5c00000| Untracked 
|  93|0x00000000c5d00000, 0x00000000c5d00000, 0x00000000c5e00000|  0%| F|  |TAMS 0x00000000c5d00000, 0x00000000c5d00000| Untracked 
|  94|0x00000000c5e00000, 0x00000000c5e00000, 0x00000000c5f00000|  0%| F|  |TAMS 0x00000000c5e00000, 0x00000000c5e00000| Untracked 
|  95|0x00000000c5f00000, 0x00000000c5f00000, 0x00000000c6000000|  0%| F|  |TAMS 0x00000000c5f00000, 0x00000000c5f00000| Untracked 
|  96|0x00000000c6000000, 0x00000000c6000000, 0x00000000c6100000|  0%| F|  |TAMS 0x00000000c6000000, 0x00000000c6000000| Untracked 
|  97|0x00000000c6100000, 0x00000000c6100000, 0x00000000c6200000|  0%| F|  |TAMS 0x00000000c6100000, 0x00000000c6100000| Untracked 
|  98|0x00000000c6200000, 0x00000000c6200000, 0x00000000c6300000|  0%| F|  |TAMS 0x00000000c6200000, 0x00000000c6200000| Untracked 
|  99|0x00000000c6300000, 0x00000000c6300000, 0x00000000c6400000|  0%| F|  |TAMS 0x00000000c6300000, 0x00000000c6300000| Untracked 
| 100|0x00000000c6400000, 0x00000000c6400000, 0x00000000c6500000|  0%| F|  |TAMS 0x00000000c6400000, 0x00000000c6400000| Untracked 
| 101|0x00000000c6500000, 0x00000000c6500000, 0x00000000c6600000|  0%| F|  |TAMS 0x00000000c6500000, 0x00000000c6500000| Untracked 
| 102|0x00000000c6600000, 0x00000000c6600000, 0x00000000c6700000|  0%| F|  |TAMS 0x00000000c6600000, 0x00000000c6600000| Untracked 
| 103|0x00000000c6700000, 0x00000000c6700000, 0x00000000c6800000|  0%| F|  |TAMS 0x00000000c6700000, 0x00000000c6700000| Untracked 
| 104|0x00000000c6800000, 0x00000000c6800000, 0x00000000c6900000|  0%| F|  |TAMS 0x00000000c6800000, 0x00000000c6800000| Untracked 
| 105|0x00000000c6900000, 0x00000000c6900000, 0x00000000c6a00000|  0%| F|  |TAMS 0x00000000c6900000, 0x00000000c6900000| Untracked 
| 106|0x00000000c6a00000, 0x00000000c6a00000, 0x00000000c6b00000|  0%| F|  |TAMS 0x00000000c6a00000, 0x00000000c6a00000| Untracked 
| 107|0x00000000c6b00000, 0x00000000c6b00000, 0x00000000c6c00000|  0%| F|  |TAMS 0x00000000c6b00000, 0x00000000c6b00000| Untracked 
| 108|0x00000000c6c00000, 0x00000000c6c00000, 0x00000000c6d00000|  0%| F|  |TAMS 0x00000000c6c00000, 0x00000000c6c00000| Untracked 
| 109|0x00000000c6d00000, 0x00000000c6d00000, 0x00000000c6e00000|  0%| F|  |TAMS 0x00000000c6d00000, 0x00000000c6d00000| Untracked 
| 110|0x00000000c6e00000, 0x00000000c6e00000, 0x00000000c6f00000|  0%| F|  |TAMS 0x00000000c6e00000, 0x00000000c6e00000| Untracked 
| 111|0x00000000c6f00000, 0x00000000c6f00000, 0x00000000c7000000|  0%| F|  |TAMS 0x00000000c6f00000, 0x00000000c6f00000| Untracked 
| 112|0x00000000c7000000, 0x00000000c7000000, 0x00000000c7100000|  0%| F|  |TAMS 0x00000000c7000000, 0x00000000c7000000| Untracked 
| 113|0x00000000c7100000, 0x00000000c7100000, 0x00000000c7200000|  0%| F|  |TAMS 0x00000000c7100000, 0x00000000c7100000| Untracked 
| 114|0x00000000c7200000, 0x00000000c7200000, 0x00000000c7300000|  0%| F|  |TAMS 0x00000000c7200000, 0x00000000c7200000| Untracked 
| 115|0x00000000c7300000, 0x00000000c7300000, 0x00000000c7400000|  0%| F|  |TAMS 0x00000000c7300000, 0x00000000c7300000| Untracked 
| 116|0x00000000c7400000, 0x00000000c7400000, 0x00000000c7500000|  0%| F|  |TAMS 0x00000000c7400000, 0x00000000c7400000| Untracked 
| 117|0x00000000c7500000, 0x00000000c7500000, 0x00000000c7600000|  0%| F|  |TAMS 0x00000000c7500000, 0x00000000c7500000| Untracked 
| 118|0x00000000c7600000, 0x00000000c7600000, 0x00000000c7700000|  0%| F|  |TAMS 0x00000000c7600000, 0x00000000c7600000| Untracked 
| 119|0x00000000c7700000, 0x00000000c7700000, 0x00000000c7800000|  0%| F|  |TAMS 0x00000000c7700000, 0x00000000c7700000| Untracked 
| 120|0x00000000c7800000, 0x00000000c7800000, 0x00000000c7900000|  0%| F|  |TAMS 0x00000000c7800000, 0x00000000c7800000| Untracked 
| 121|0x00000000c7900000, 0x00000000c7900000, 0x00000000c7a00000|  0%| F|  |TAMS 0x00000000c7900000, 0x00000000c7900000| Untracked 
| 122|0x00000000c7a00000, 0x00000000c7a00000, 0x00000000c7b00000|  0%| F|  |TAMS 0x00000000c7a00000, 0x00000000c7a00000| Untracked 
| 123|0x00000000c7b00000, 0x00000000c7b00000, 0x00000000c7c00000|  0%| F|  |TAMS 0x00000000c7b00000, 0x00000000c7b00000| Untracked 
| 124|0x00000000c7c00000, 0x00000000c7c00000, 0x00000000c7d00000|  0%| F|  |TAMS 0x00000000c7c00000, 0x00000000c7c00000| Untracked 
| 125|0x00000000c7d00000, 0x00000000c7d00000, 0x00000000c7e00000|  0%| F|  |TAMS 0x00000000c7d00000, 0x00000000c7d00000| Untracked 
| 126|0x00000000c7e00000, 0x00000000c7e00000, 0x00000000c7f00000|  0%| F|  |TAMS 0x00000000c7e00000, 0x00000000c7e00000| Untracked 
| 127|0x00000000c7f00000, 0x00000000c7f00000, 0x00000000c8000000|  0%| F|  |TAMS 0x00000000c7f00000, 0x00000000c7f00000| Untracked 
| 128|0x00000000c8000000, 0x00000000c8000000, 0x00000000c8100000|  0%| F|  |TAMS 0x00000000c8000000, 0x00000000c8000000| Untracked 
| 129|0x00000000c8100000, 0x00000000c8156160, 0x00000000c8200000| 33%| E|  |TAMS 0x00000000c8100000, 0x00000000c8100000| Complete 

Card table byte_map: [0x000001ece5dd0000,0x000001ece5fd0000] _byte_map_base: 0x000001ece57d0000

Marking Bits (Prev, Next): (CMBitMap*) 0x000001ecdfe89e20, (CMBitMap*) 0x000001ecdfe89de0
 Prev Bits: [0x000001ece71d0000, 0x000001ece81d0000)
 Next Bits: [0x000001ece61d0000, 0x000001ece71d0000)

Polling page: 0x000001ecdf600000

Metaspace:

Usage:
  Non-class:     59.70 MB used.
      Class:      9.44 MB used.
       Both:     69.13 MB used.

Virtual space:
  Non-class space:       64.00 MB reserved,      60.06 MB ( 94%) committed,  8 nodes.
      Class space:        1.00 GB reserved,       9.69 MB ( <1%) committed,  1 nodes.
             Both:        1.06 GB reserved,      69.75 MB (  6%) committed. 

Chunk freelists:
   Non-Class:  3.50 MB
       Class:  2.27 MB
        Both:  5.77 MB

MaxMetaspaceSize: unlimited
CompressedClassSpaceSize: 1.00 GB
Initial GC threshold: 21.00 MB
Current GC threshold: 116.25 MB
CDS: off
MetaspaceReclaimPolicy: balanced
 - commit_granule_bytes: 65536.
 - commit_granule_words: 8192.
 - virtual_space_node_default_size: 1048576.
 - enlarge_chunks_in_place: 1.
 - new_chunks_are_fully_committed: 0.
 - uncommit_free_chunks: 1.
 - use_allocation_guard: 0.
 - handle_deallocations: 1.


Internal statistics:

num_allocs_failed_limit: 6.
num_arena_births: 1010.
num_arena_deaths: 484.
num_vsnodes_births: 9.
num_vsnodes_deaths: 0.
num_space_committed: 1116.
num_space_uncommitted: 0.
num_chunks_returned_to_freelist: 634.
num_chunks_taken_from_freelist: 3484.
num_chunk_merges: 202.
num_chunk_splits: 2249.
num_chunks_enlarged: 1646.
num_purges: 30.
num_inconsistent_stats: 0.

CodeCache: size=49152Kb used=18106Kb max_used=19602Kb free=31045Kb
 bounds [0x000001ece2ac0000, 0x000001ece3df0000, 0x000001ece5ac0000]
 total_blobs=10835 nmethods=10147 adapters=614
 compilation: enabled
              stopped_count=0, restarted_count=0
 full_count=0

Compilation events (20 events):
Event: 2254.074 Thread 0x000001eceb85f9f0 10334       1       java.lang.ProcessImpl::getErrorStream (5 bytes)
Event: 2254.074 Thread 0x000001eceb85f9f0 nmethod 10334 0x000001ece3d44b90 code [0x000001ece3d44d20, 0x000001ece3d44df8]
Event: 2254.074 Thread 0x000001eceb85f9f0 10336       1       java.lang.ProcessImpl::getOutputStream (5 bytes)
Event: 2254.074 Thread 0x000001eceb85f9f0 nmethod 10336 0x000001ece3d44890 code [0x000001ece3d44a20, 0x000001ece3d44af8]
Event: 2473.353 Thread 0x000001eceb85f9f0 10337       1       java.security.ProtectionDomain$Key::<init> (5 bytes)
Event: 2473.353 Thread 0x000001eceb85f9f0 nmethod 10337 0x000001ece3d44590 code [0x000001ece3d44720, 0x000001ece3d447d8]
Event: 2563.909 Thread 0x000001eceb85f9f0 10338       1       java.util.ArrayList$ListItr::hasPrevious (13 bytes)
Event: 2563.909 Thread 0x000001eceb85f9f0 nmethod 10338 0x000001ece3d44290 code [0x000001ece3d44420, 0x000001ece3d444f8]
Event: 2682.013 Thread 0x000001eceb85f9f0 10339       1       org.springframework.ide.vscode.commons.languageserver.util.ParentProcessWatcher::run (36 bytes)
Event: 2682.014 Thread 0x000001eceb85f9f0 nmethod 10339 0x000001ece3d43b10 code [0x000001ece3d43d00, 0x000001ece3d44018]
Event: 2682.014 Thread 0x000001eceb85f9f0 10340   !   1       org.springframework.ide.vscode.commons.languageserver.util.ParentProcessWatcher::parentProcessStillRunning (413 bytes)
Event: 2682.022 Thread 0x000001eceb85f9f0 nmethod 10340 0x000001ece3d3e110 code [0x000001ece3d3e940, 0x000001ece3d41b08]
Event: 2682.022 Thread 0x000001eceb85f9f0 10341       1       java.util.Properties::getProperty (16 bytes)
Event: 2682.023 Thread 0x000001eceb85f9f0 nmethod 10341 0x000001ece3d3de10 code [0x000001ece3d3dfa0, 0x000001ece3d3e0a8]
Event: 2773.354 Thread 0x000001eceb85f9f0 10342       1       java.io.ObjectStreamClass$FieldReflectorKey::equals (37 bytes)
Event: 2773.354 Thread 0x000001eceb85f9f0 nmethod 10342 0x000001ece3d3da10 code [0x000001ece3d3dba0, 0x000001ece3d3dd28]
Event: 2825.775 Thread 0x000001eceb85f9f0 10343       1       org.springframework.ide.vscode.commons.languageserver.util.SimpleTextDocumentService::getLatestSnapshot (14 bytes)
Event: 2825.775 Thread 0x000001eceb85f9f0 nmethod 10343 0x000001ece3d3d690 code [0x000001ece3d3d820, 0x000001ece3d3d948]
Event: 3028.051 Thread 0x000001eceb85f9f0 10344       1       java.lang.invoke.Invokers$Holder::linkToTargetMethod (9 bytes)
Event: 3028.051 Thread 0x000001eceb85f9f0 nmethod 10344 0x000001ece3d3d310 code [0x000001ece3d3d4c0, 0x000001ece3d3d5d8]

GC Heap History (20 events):
Event: 2944.545 GC heap before
{Heap before GC invocations=241 (full 183):
 garbage-first heap   total 133120K, used 39095K [0x00000000c0000000, 0x0000000100000000)
  region size 1024K, 1 young (1024K), 0 survivors (0K)
 Metaspace       used 70791K, committed 71424K, reserved 1114112K
  class space    used 9661K, committed 9920K, reserved 1048576K
}
Event: 2944.606 GC heap after
{Heap after GC invocations=242 (full 184):
 garbage-first heap   total 133120K, used 39095K [0x00000000c0000000, 0x0000000100000000)
  region size 1024K, 0 young (0K), 0 survivors (0K)
 Metaspace       used 70791K, committed 71424K, reserved 1114112K
  class space    used 9661K, committed 9920K, reserved 1048576K
}
Event: 2954.922 GC heap before
{Heap before GC invocations=242 (full 184):
 garbage-first heap   total 133120K, used 39095K [0x00000000c0000000, 0x0000000100000000)
  region size 1024K, 1 young (1024K), 0 survivors (0K)
 Metaspace       used 70791K, committed 71424K, reserved 1114112K
  class space    used 9661K, committed 9920K, reserved 1048576K
}
Event: 2954.968 GC heap after
{Heap after GC invocations=243 (full 185):
 garbage-first heap   total 133120K, used 39095K [0x00000000c0000000, 0x0000000100000000)
  region size 1024K, 0 young (0K), 0 survivors (0K)
 Metaspace       used 70791K, committed 71424K, reserved 1114112K
  class space    used 9661K, committed 9920K, reserved 1048576K
}
Event: 2965.256 GC heap before
{Heap before GC invocations=243 (full 185):
 garbage-first heap   total 133120K, used 39095K [0x00000000c0000000, 0x0000000100000000)
  region size 1024K, 1 young (1024K), 0 survivors (0K)
 Metaspace       used 70791K, committed 71424K, reserved 1114112K
  class space    used 9661K, committed 9920K, reserved 1048576K
}
Event: 2965.302 GC heap after
{Heap after GC invocations=244 (full 186):
 garbage-first heap   total 133120K, used 39095K [0x00000000c0000000, 0x0000000100000000)
  region size 1024K, 0 young (0K), 0 survivors (0K)
 Metaspace       used 70791K, committed 71424K, reserved 1114112K
  class space    used 9661K, committed 9920K, reserved 1048576K
}
Event: 2975.597 GC heap before
{Heap before GC invocations=244 (full 186):
 garbage-first heap   total 133120K, used 39095K [0x00000000c0000000, 0x0000000100000000)
  region size 1024K, 1 young (1024K), 0 survivors (0K)
 Metaspace       used 70791K, committed 71424K, reserved 1114112K
  class space    used 9661K, committed 9920K, reserved 1048576K
}
Event: 2975.650 GC heap after
{Heap after GC invocations=245 (full 187):
 garbage-first heap   total 133120K, used 39095K [0x00000000c0000000, 0x0000000100000000)
  region size 1024K, 0 young (0K), 0 survivors (0K)
 Metaspace       used 70791K, committed 71424K, reserved 1114112K
  class space    used 9661K, committed 9920K, reserved 1048576K
}
Event: 2986.000 GC heap before
{Heap before GC invocations=245 (full 187):
 garbage-first heap   total 133120K, used 39095K [0x00000000c0000000, 0x0000000100000000)
  region size 1024K, 1 young (1024K), 0 survivors (0K)
 Metaspace       used 70791K, committed 71424K, reserved 1114112K
  class space    used 9661K, committed 9920K, reserved 1048576K
}
Event: 2986.058 GC heap after
{Heap after GC invocations=246 (full 188):
 garbage-first heap   total 133120K, used 39095K [0x00000000c0000000, 0x0000000100000000)
  region size 1024K, 0 young (0K), 0 survivors (0K)
 Metaspace       used 70791K, committed 71424K, reserved 1114112K
  class space    used 9661K, committed 9920K, reserved 1048576K
}
Event: 2996.767 GC heap before
{Heap before GC invocations=246 (full 188):
 garbage-first heap   total 133120K, used 39095K [0x00000000c0000000, 0x0000000100000000)
  region size 1024K, 1 young (1024K), 0 survivors (0K)
 Metaspace       used 70791K, committed 71424K, reserved 1114112K
  class space    used 9661K, committed 9920K, reserved 1048576K
}
Event: 2996.833 GC heap after
{Heap after GC invocations=247 (full 189):
 garbage-first heap   total 133120K, used 39095K [0x00000000c0000000, 0x0000000100000000)
  region size 1024K, 0 young (0K), 0 survivors (0K)
 Metaspace       used 70791K, committed 71424K, reserved 1114112K
  class space    used 9661K, committed 9920K, reserved 1048576K
}
Event: 3007.346 GC heap before
{Heap before GC invocations=247 (full 189):
 garbage-first heap   total 133120K, used 39095K [0x00000000c0000000, 0x0000000100000000)
  region size 1024K, 1 young (1024K), 0 survivors (0K)
 Metaspace       used 70791K, committed 71424K, reserved 1114112K
  class space    used 9661K, committed 9920K, reserved 1048576K
}
Event: 3007.414 GC heap after
{Heap after GC invocations=248 (full 190):
 garbage-first heap   total 133120K, used 39095K [0x00000000c0000000, 0x0000000100000000)
  region size 1024K, 0 young (0K), 0 survivors (0K)
 Metaspace       used 70791K, committed 71424K, reserved 1114112K
  class space    used 9661K, committed 9920K, reserved 1048576K
}
Event: 3017.979 GC heap before
{Heap before GC invocations=248 (full 190):
 garbage-first heap   total 133120K, used 39095K [0x00000000c0000000, 0x0000000100000000)
  region size 1024K, 1 young (1024K), 0 survivors (0K)
 Metaspace       used 70791K, committed 71424K, reserved 1114112K
  class space    used 9661K, committed 9920K, reserved 1048576K
}
Event: 3018.046 GC heap after
{Heap after GC invocations=249 (full 191):
 garbage-first heap   total 133120K, used 39095K [0x00000000c0000000, 0x0000000100000000)
  region size 1024K, 0 young (0K), 0 survivors (0K)
 Metaspace       used 70791K, committed 71424K, reserved 1114112K
  class space    used 9661K, committed 9920K, reserved 1048576K
}
Event: 3028.342 GC heap before
{Heap before GC invocations=249 (full 191):
 garbage-first heap   total 133120K, used 39095K [0x00000000c0000000, 0x0000000100000000)
  region size 1024K, 1 young (1024K), 0 survivors (0K)
 Metaspace       used 70791K, committed 71424K, reserved 1114112K
  class space    used 9661K, committed 9920K, reserved 1048576K
}
Event: 3028.395 GC heap after
{Heap after GC invocations=250 (full 192):
 garbage-first heap   total 133120K, used 39095K [0x00000000c0000000, 0x0000000100000000)
  region size 1024K, 0 young (0K), 0 survivors (0K)
 Metaspace       used 70791K, committed 71424K, reserved 1114112K
  class space    used 9661K, committed 9920K, reserved 1048576K
}
Event: 3039.171 GC heap before
{Heap before GC invocations=250 (full 192):
 garbage-first heap   total 133120K, used 39095K [0x00000000c0000000, 0x0000000100000000)
  region size 1024K, 1 young (1024K), 0 survivors (0K)
 Metaspace       used 70791K, committed 71424K, reserved 1114112K
  class space    used 9661K, committed 9920K, reserved 1048576K
}
Event: 3039.240 GC heap after
{Heap after GC invocations=251 (full 193):
 garbage-first heap   total 133120K, used 39095K [0x00000000c0000000, 0x0000000100000000)
  region size 1024K, 0 young (0K), 0 survivors (0K)
 Metaspace       used 70791K, committed 71424K, reserved 1114112K
  class space    used 9661K, committed 9920K, reserved 1048576K
}

Dll operation events (12 events):
Event: 0.021 Loaded shared library c:\Users\yvang\.vscode-insiders\extensions\redhat.java-1.15.0-win32-x64\jre\17.0.6-win32-x86_64\bin\java.dll
Event: 0.890 Loaded shared library C:\Users\yvang\.vscode-insiders\extensions\redhat.java-1.15.0-win32-x64\jre\17.0.6-win32-x86_64\bin\net.dll
Event: 0.898 Loaded shared library C:\Users\yvang\.vscode-insiders\extensions\redhat.java-1.15.0-win32-x64\jre\17.0.6-win32-x86_64\bin\nio.dll
Event: 0.969 Loaded shared library C:\Users\yvang\.vscode-insiders\extensions\redhat.java-1.15.0-win32-x64\jre\17.0.6-win32-x86_64\bin\zip.dll
Event: 16.022 Loaded shared library C:\Users\yvang\.vscode-insiders\extensions\redhat.java-1.15.0-win32-x64\jre\17.0.6-win32-x86_64\bin\jimage.dll
Event: 22.233 Loaded shared library c:\Users\yvang\.vscode-insiders\extensions\redhat.java-1.15.0-win32-x64\jre\17.0.6-win32-x86_64\bin\verify.dll
Event: 26.509 Loaded shared library C:\Users\yvang\.vscode-insiders\extensions\redhat.java-1.15.0-win32-x64\jre\17.0.6-win32-x86_64\bin\management.dll
Event: 26.513 Loaded shared library C:\Users\yvang\.vscode-insiders\extensions\redhat.java-1.15.0-win32-x64\jre\17.0.6-win32-x86_64\bin\management_ext.dll
Event: 29.670 Loaded shared library C:\Users\yvang\.vscode-insiders\extensions\redhat.java-1.15.0-win32-x64\jre\17.0.6-win32-x86_64\bin\sunmscapi.dll
Event: 52.589 Loaded shared library C:\Users\yvang\.vscode-insiders\extensions\redhat.java-1.15.0-win32-x64\jre\17.0.6-win32-x86_64\bin\attach.dll
Event: 673.154 Loaded shared library C:\Users\yvang\.vscode-insiders\extensions\redhat.java-1.15.0-win32-x64\jre\17.0.6-win32-x86_64\bin\rmi.dll
Event: 1014.245 Loaded shared library C:\Users\yvang\AppData\Local\Temp\snappy-1.1.8-e15c9c7f-31c1-49e8-81e7-6997e2e554da-snappyjava.dll

Deoptimization events (20 events):
Event: 38.070 Thread 0x000001ecec36da10 DEOPT PACKING pc=0x000001ece393ea24 sp=0x000000cbcacfdf10
Event: 38.070 Thread 0x000001ecec36da10 DEOPT UNPACKING pc=0x000001ece2b17143 sp=0x000000cbcacfd490 mode 0
Event: 38.071 Thread 0x000001ecec36da10 DEOPT PACKING pc=0x000001ece398ccac sp=0x000000cbcacfe230
Event: 38.071 Thread 0x000001ecec36da10 DEOPT UNPACKING pc=0x000001ece2b17143 sp=0x000000cbcacfd6c0 mode 0
Event: 293.123 Thread 0x000001ecec2d3820 DEOPT PACKING pc=0x000001ece30d8c54 sp=0x000000cbca6feff0
Event: 293.123 Thread 0x000001ecec2d3820 DEOPT UNPACKING pc=0x000001ece2b17143 sp=0x000000cbca6fe478 mode 0
Event: 1013.648 Thread 0x000001ecec36bd30 DEOPT PACKING pc=0x000001ece3bb4f8c sp=0x000000cbcabfd0f0
Event: 1013.648 Thread 0x000001ecec36bd30 DEOPT UNPACKING pc=0x000001ece2b17143 sp=0x000000cbcabfc638 mode 0
Event: 1013.676 Thread 0x000001ecec36bd30 DEOPT PACKING pc=0x000001ece3bb4fec sp=0x000000cbcabfd420
Event: 1013.676 Thread 0x000001ecec36bd30 DEOPT UNPACKING pc=0x000001ece2b17143 sp=0x000000cbcabfc970 mode 0
Event: 1013.676 Thread 0x000001ecec36bd30 DEOPT PACKING pc=0x000001ece3bb4fec sp=0x000000cbcabfd630
Event: 1013.676 Thread 0x000001ecec36bd30 DEOPT UNPACKING pc=0x000001ece2b17143 sp=0x000000cbcabfcb80 mode 0
Event: 1013.676 Thread 0x000001ecec36bd30 DEOPT PACKING pc=0x000001ece3bb4fec sp=0x000000cbcabfd960
Event: 1013.676 Thread 0x000001ecec36bd30 DEOPT UNPACKING pc=0x000001ece2b17143 sp=0x000000cbcabfceb0 mode 0
Event: 1013.679 Thread 0x000001ecec36bd30 DEOPT PACKING pc=0x000001ece3bb4fec sp=0x000000cbcabfdc50
Event: 1013.679 Thread 0x000001ecec36bd30 DEOPT UNPACKING pc=0x000001ece2b17143 sp=0x000000cbcabfd1a0 mode 0
Event: 1013.679 Thread 0x000001ecec36bd30 DEOPT PACKING pc=0x000001ece3bb4fec sp=0x000000cbcabfdf80
Event: 1013.679 Thread 0x000001ecec36bd30 DEOPT UNPACKING pc=0x000001ece2b17143 sp=0x000000cbcabfd4d0 mode 0
Event: 1013.679 Thread 0x000001ecec36bd30 DEOPT PACKING pc=0x000001ece3bb4fec sp=0x000000cbcabfe260
Event: 1013.679 Thread 0x000001ecec36bd30 DEOPT UNPACKING pc=0x000001ece2b17143 sp=0x000000cbcabfd7b0 mode 0

Classes unloaded (20 events):
Event: 1129.305 Thread 0x000001eceac9e140 Unloading class 0x0000000100978400 'java/lang/invoke/LambdaForm$MH+0x0000000100978400'
Event: 1129.305 Thread 0x000001eceac9e140 Unloading class 0x0000000100978000 'java/lang/invoke/LambdaForm$MH+0x0000000100978000'
Event: 1324.505 Thread 0x000001eceac9e140 Unloading class 0x000000010097b800 'jdk/internal/reflect/GeneratedSerializationConstructorAccessor50'
Event: 1324.505 Thread 0x000001eceac9e140 Unloading class 0x000000010097d400 'jdk/internal/reflect/GeneratedSerializationConstructorAccessor49'
Event: 1324.505 Thread 0x000001eceac9e140 Unloading class 0x0000000100981000 'jdk/internal/reflect/GeneratedSerializationConstructorAccessor48'
Event: 1675.847 Thread 0x000001eceac9e140 Unloading class 0x0000000100981000 'jdk/internal/reflect/GeneratedSerializationConstructorAccessor53'
Event: 1675.847 Thread 0x000001eceac9e140 Unloading class 0x000000010097d400 'jdk/internal/reflect/GeneratedSerializationConstructorAccessor52'
Event: 1675.847 Thread 0x000001eceac9e140 Unloading class 0x000000010097b800 'jdk/internal/reflect/GeneratedSerializationConstructorAccessor51'
Event: 1976.271 Thread 0x000001eceac9e140 Unloading class 0x000000010097b800 'jdk/internal/reflect/GeneratedSerializationConstructorAccessor56'
Event: 1976.271 Thread 0x000001eceac9e140 Unloading class 0x000000010097d400 'jdk/internal/reflect/GeneratedSerializationConstructorAccessor55'
Event: 1976.271 Thread 0x000001eceac9e140 Unloading class 0x0000000100981000 'jdk/internal/reflect/GeneratedSerializationConstructorAccessor54'
Event: 2275.159 Thread 0x000001eceac9e140 Unloading class 0x000000010097a400 'jdk/internal/reflect/GeneratedSerializationConstructorAccessor59'
Event: 2275.159 Thread 0x000001eceac9e140 Unloading class 0x0000000100981000 'jdk/internal/reflect/GeneratedSerializationConstructorAccessor58'
Event: 2275.159 Thread 0x000001eceac9e140 Unloading class 0x000000010097d400 'jdk/internal/reflect/GeneratedSerializationConstructorAccessor57'
Event: 2576.387 Thread 0x000001eceac9e140 Unloading class 0x000000010097d400 'jdk/internal/reflect/GeneratedSerializationConstructorAccessor62'
Event: 2576.387 Thread 0x000001eceac9e140 Unloading class 0x0000000100981000 'jdk/internal/reflect/GeneratedSerializationConstructorAccessor61'
Event: 2576.387 Thread 0x000001eceac9e140 Unloading class 0x000000010097a400 'jdk/internal/reflect/GeneratedSerializationConstructorAccessor60'
Event: 2902.711 Thread 0x000001eceac9e140 Unloading class 0x000000010097a400 'jdk/internal/reflect/GeneratedSerializationConstructorAccessor65'
Event: 2902.711 Thread 0x000001eceac9e140 Unloading class 0x0000000100981000 'jdk/internal/reflect/GeneratedSerializationConstructorAccessor64'
Event: 2902.711 Thread 0x000001eceac9e140 Unloading class 0x000000010097d400 'jdk/internal/reflect/GeneratedSerializationConstructorAccessor63'

Classes redefined (0 events):
No events

Internal exceptions (20 events):
Event: 1016.714 Thread 0x000001ecec36bd30 Exception <a 'sun/nio/fs/WindowsException'{0x00000000d2c37030}> (0x00000000d2c37030) 
thrown [s\src\hotspot\share\prims\jni.cpp, line 516]
Event: 1016.714 Thread 0x000001ecec36bd30 Exception <a 'sun/nio/fs/WindowsException'{0x00000000d2c37450}> (0x00000000d2c37450) 
thrown [s\src\hotspot\share\prims\jni.cpp, line 516]
Event: 1016.716 Thread 0x000001ecec36bd30 Exception <a 'sun/nio/fs/WindowsException'{0x00000000d2c5a888}> (0x00000000d2c5a888) 
thrown [s\src\hotspot\share\prims\jni.cpp, line 516]
Event: 1016.717 Thread 0x000001ecec36bd30 Exception <a 'sun/nio/fs/WindowsException'{0x00000000d2c5ac88}> (0x00000000d2c5ac88) 
thrown [s\src\hotspot\share\prims\jni.cpp, line 516]
Event: 1016.717 Thread 0x000001ecec36bd30 Exception <a 'sun/nio/fs/WindowsException'{0x00000000d2c5c1c8}> (0x00000000d2c5c1c8) 
thrown [s\src\hotspot\share\prims\jni.cpp, line 516]
Event: 1016.717 Thread 0x000001ecec36bd30 Exception <a 'sun/nio/fs/WindowsException'{0x00000000d2c5c5e8}> (0x00000000d2c5c5e8) 
thrown [s\src\hotspot\share\prims\jni.cpp, line 516]
Event: 1016.745 Thread 0x000001ecec36bd30 Exception <a 'sun/nio/fs/WindowsException'{0x00000000d2a5a828}> (0x00000000d2a5a828) 
thrown [s\src\hotspot\share\prims\jni.cpp, line 516]
Event: 1016.745 Thread 0x000001ecec36bd30 Exception <a 'sun/nio/fs/WindowsException'{0x00000000d2a5abe8}> (0x00000000d2a5abe8) 
thrown [s\src\hotspot\share\prims\jni.cpp, line 516]
Event: 1273.317 Thread 0x000001eced00c9d0 Exception <a 'java/lang/NoSuchMethodError'{0x00000000c80fd1d0}: static [Ljava/rmi/server/ObjID;.<clinit>()V> (0x00000000c80fd1d0) 
thrown [s\src\hotspot\share\prims\jni.cpp, line 1107]
Event: 1273.319 Thread 0x000001eced00c9d0 Exception <a 'java/lang/NoSuchMethodError'{0x00000000c7f09140}: static [B.<clinit>()V> (0x00000000c7f09140) 
thrown [s\src\hotspot\share\prims\jni.cpp, line 1107]
Event: 1573.318 Thread 0x000001eced00c9d0 Exception <a 'java/lang/NoSuchMethodError'{0x00000000c8110bb8}: static [Ljava/rmi/server/ObjID;.<clinit>()V> (0x00000000c8110bb8) 
thrown [s\src\hotspot\share\prims\jni.cpp, line 1107]
Event: 1573.319 Thread 0x000001eced00c9d0 Exception <a 'java/lang/NoSuchMethodError'{0x00000000c811c6b0}: static [B.<clinit>()V> (0x00000000c811c6b0) 
thrown [s\src\hotspot\share\prims\jni.cpp, line 1107]
Event: 1873.325 Thread 0x000001eced00c9d0 Exception <a 'java/lang/NoSuchMethodError'{0x00000000c8110bb8}: static [Ljava/rmi/server/ObjID;.<clinit>()V> (0x00000000c8110bb8) 
thrown [s\src\hotspot\share\prims\jni.cpp, line 1107]
Event: 1873.326 Thread 0x000001eced00c9d0 Exception <a 'java/lang/NoSuchMethodError'{0x00000000c811c6b0}: static [B.<clinit>()V> (0x00000000c811c6b0) 
thrown [s\src\hotspot\share\prims\jni.cpp, line 1107]
Event: 2173.334 Thread 0x000001eced00c9d0 Exception <a 'java/lang/NoSuchMethodError'{0x00000000c8110bb8}: static [Ljava/rmi/server/ObjID;.<clinit>()V> (0x00000000c8110bb8) 
thrown [s\src\hotspot\share\prims\jni.cpp, line 1107]
Event: 2173.335 Thread 0x000001eced00c9d0 Exception <a 'java/lang/NoSuchMethodError'{0x00000000c811ebf0}: static [B.<clinit>()V> (0x00000000c811ebf0) 
thrown [s\src\hotspot\share\prims\jni.cpp, line 1107]
Event: 2473.349 Thread 0x000001eced00c9d0 Exception <a 'java/lang/NoSuchMethodError'{0x00000000c810a680}: static [Ljava/rmi/server/ObjID;.<clinit>()V> (0x00000000c810a680) 
thrown [s\src\hotspot\share\prims\jni.cpp, line 1107]
Event: 2473.352 Thread 0x000001eced00c9d0 Exception <a 'java/lang/NoSuchMethodError'{0x00000000c8116178}: static [B.<clinit>()V> (0x00000000c8116178) 
thrown [s\src\hotspot\share\prims\jni.cpp, line 1107]
Event: 2773.352 Thread 0x000001eced00c9d0 Exception <a 'java/lang/NoSuchMethodError'{0x00000000c8117188}: static [Ljava/rmi/server/ObjID;.<clinit>()V> (0x00000000c8117188) 
thrown [s\src\hotspot\share\prims\jni.cpp, line 1107]
Event: 2773.354 Thread 0x000001eced00c9d0 Exception <a 'java/lang/NoSuchMethodError'{0x00000000c8122c80}: static [B.<clinit>()V> (0x00000000c8122c80) 
thrown [s\src\hotspot\share\prims\jni.cpp, line 1107]

VM Operations (20 events):
Event: 2944.606 Executing VM operation: G1CollectFull done
Event: 2954.921 Executing VM operation: G1CollectFull
Event: 2954.968 Executing VM operation: G1CollectFull done
Event: 2965.256 Executing VM operation: G1CollectFull
Event: 2965.303 Executing VM operation: G1CollectFull done
Event: 2975.596 Executing VM operation: G1CollectFull
Event: 2975.651 Executing VM operation: G1CollectFull done
Event: 2986.000 Executing VM operation: G1CollectFull
Event: 2986.059 Executing VM operation: G1CollectFull done
Event: 2996.767 Executing VM operation: G1CollectFull
Event: 2996.833 Executing VM operation: G1CollectFull done
Event: 3007.346 Executing VM operation: G1CollectFull
Event: 3007.414 Executing VM operation: G1CollectFull done
Event: 3017.979 Executing VM operation: G1CollectFull
Event: 3018.046 Executing VM operation: G1CollectFull done
Event: 3028.342 Executing VM operation: G1CollectFull
Event: 3028.395 Executing VM operation: G1CollectFull done
Event: 3039.170 Executing VM operation: G1CollectFull
Event: 3039.240 Executing VM operation: G1CollectFull done
Event: 3049.667 Executing VM operation: G1CollectFull

Events (20 events):
Event: 1076.734 Thread 0x000001eced00f9f0 Thread exited: 0x000001eced00f9f0
Event: 1136.734 Thread 0x000001ecef2e9d60 Thread exited: 0x000001ecef2e9d60
Event: 1193.152 Thread 0x000001ecef2e7bb0 Thread added: 0x000001ecef2e7bb0
Event: 1196.734 Thread 0x000001ecec36c6d0 Thread exited: 0x000001ecec36c6d0
Event: 1199.556 Thread 0x000001ecef2ebf10 Thread added: 0x000001ecef2ebf10
Event: 1221.576 Thread 0x000001ecef2e5060 Thread added: 0x000001ecef2e5060
Event: 1256.734 Thread 0x000001ecef2ec3e0 Thread exited: 0x000001ecef2ec3e0
Event: 1281.578 Thread 0x000001ecef2e7bb0 Thread exited: 0x000001ecef2e7bb0
Event: 1283.492 Thread 0x000001ecef2ebf10 Thread exited: 0x000001ecef2ebf10
Event: 1316.735 Thread 0x000001eced00d840 Thread exited: 0x000001eced00d840
Event: 1337.466 Thread 0x000001ecef2e5060 Thread exited: 0x000001ecef2e5060
Event: 1376.735 Thread 0x000001eced009e80 Thread exited: 0x000001eced009e80
Event: 1392.819 Thread 0x000001ecef2e8ef0 Thread added: 0x000001ecef2e8ef0
Event: 1436.736 Thread 0x000001ecef2e5530 Thread exited: 0x000001ecef2e5530
Event: 1496.736 Thread 0x000001ecef2ea230 Thread exited: 0x000001ecef2ea230
Event: 1568.245 Thread 0x000001ecef2e8ef0 Thread exited: 0x000001ecef2e8ef0
Event: 1578.284 Thread 0x000001ecec36a520 Thread added: 0x000001ecec36a520
Event: 1638.919 Thread 0x000001ecec36a520 Thread exited: 0x000001ecec36a520
Event: 2818.470 Thread 0x000001ecec36c6d0 Thread added: 0x000001ecec36c6d0
Event: 2921.453 Thread 0x000001ecec36c6d0 Thread exited: 0x000001ecec36c6d0


Dynamic libraries:
0x00007ff651ad0000 - 0x00007ff651ade000 	c:\Users\yvang\.vscode-insiders\extensions\redhat.java-1.15.0-win32-x64\jre\17.0.6-win32-x86_64\bin\java.exe
0x00007ff96e610000 - 0x00007ff96e824000 	C:\Windows\SYSTEM32\ntdll.dll
0x00007ff936400000 - 0x00007ff936417000 	C:\Program Files\Avast Software\Avast\aswhook.dll
0x00007ff96dab0000 - 0x00007ff96db73000 	C:\Windows\System32\KERNEL32.DLL
0x00007ff96baa0000 - 0x00007ff96be3d000 	C:\Windows\System32\KERNELBASE.dll
0x00007ff96c2e0000 - 0x00007ff96c3f1000 	C:\Windows\System32\ucrtbase.dll
0x00007ff95a6c0000 - 0x00007ff95a6d9000 	c:\Users\yvang\.vscode-insiders\extensions\redhat.java-1.15.0-win32-x64\jre\17.0.6-win32-x86_64\bin\VCRUNTIME140.dll
0x00007ff9662a0000 - 0x00007ff9662b7000 	c:\Users\yvang\.vscode-insiders\extensions\redhat.java-1.15.0-win32-x64\jre\17.0.6-win32-x86_64\bin\jli.dll
0x00007ff96cc20000 - 0x00007ff96cdcd000 	C:\Windows\System32\USER32.dll
0x00007ff96c020000 - 0x00007ff96c046000 	C:\Windows\System32\win32u.dll
0x00007ff96d670000 - 0x00007ff96d699000 	C:\Windows\System32\GDI32.dll
0x00007ff952a80000 - 0x00007ff952d0e000 	C:\Windows\WinSxS\amd64_microsoft.windows.common-controls_6595b64144ccf1df_6.0.22621.436_none_a94247dbc10d8414\COMCTL32.dll
0x00007ff96bf00000 - 0x00007ff96c012000 	C:\Windows\System32\gdi32full.dll
0x00007ff96c400000 - 0x00007ff96c4a7000 	C:\Windows\System32\msvcrt.dll
0x00007ff96c050000 - 0x00007ff96c0ea000 	C:\Windows\System32\msvcp_win.dll
0x00007ff96ca60000 - 0x00007ff96ca92000 	C:\Windows\System32\IMM32.DLL
0x00007ff95a6b0000 - 0x00007ff95a6bc000 	c:\Users\yvang\.vscode-insiders\extensions\redhat.java-1.15.0-win32-x64\jre\17.0.6-win32-x86_64\bin\vcruntime140_1.dll
0x00007ff8eba00000 - 0x00007ff8eba91000 	c:\Users\yvang\.vscode-insiders\extensions\redhat.java-1.15.0-win32-x64\jre\17.0.6-win32-x86_64\bin\msvcp140.dll
0x00007ff8c74f0000 - 0x00007ff8c8137000 	c:\Users\yvang\.vscode-insiders\extensions\redhat.java-1.15.0-win32-x64\jre\17.0.6-win32-x86_64\bin\server\jvm.dll
0x00007ff96d820000 - 0x00007ff96d8ce000 	C:\Windows\System32\ADVAPI32.dll
0x00007ff96c590000 - 0x00007ff96c634000 	C:\Windows\System32\sechost.dll
0x00007ff96d6a0000 - 0x00007ff96d7b5000 	C:\Windows\System32\RPCRT4.dll
0x00007ff95c460000 - 0x00007ff95c469000 	C:\Windows\SYSTEM32\WSOCK32.dll
0x00007ff96d260000 - 0x00007ff96d2d1000 	C:\Windows\System32\WS2_32.dll
0x00007ff963740000 - 0x00007ff963774000 	C:\Windows\SYSTEM32\WINMM.dll
0x00007ff965410000 - 0x00007ff96541a000 	C:\Windows\SYSTEM32\VERSION.dll
0x00007ff96aab0000 - 0x00007ff96aac8000 	C:\Windows\SYSTEM32\kernel.appcore.dll
0x00007ff95a6a0000 - 0x00007ff95a6aa000 	c:\Users\yvang\.vscode-insiders\extensions\redhat.java-1.15.0-win32-x64\jre\17.0.6-win32-x86_64\bin\jimage.dll
0x00007ff9693e0000 - 0x00007ff96960e000 	C:\Windows\SYSTEM32\DBGHELP.DLL
0x00007ff96d2e0000 - 0x00007ff96d66a000 	C:\Windows\System32\combase.dll
0x00007ff96c4b0000 - 0x00007ff96c587000 	C:\Windows\System32\OLEAUT32.dll
0x00007ff9623a0000 - 0x00007ff9623d2000 	C:\Windows\SYSTEM32\dbgcore.DLL
0x00007ff96c260000 - 0x00007ff96c2db000 	C:\Windows\System32\bcryptPrimitives.dll
0x00007ff950210000 - 0x00007ff950235000 	c:\Users\yvang\.vscode-insiders\extensions\redhat.java-1.15.0-win32-x64\jre\17.0.6-win32-x86_64\bin\java.dll
0x00007ff950270000 - 0x00007ff950288000 	c:\Users\yvang\.vscode-insiders\extensions\redhat.java-1.15.0-win32-x64\jre\17.0.6-win32-x86_64\bin\zip.dll
0x00007ff96dc10000 - 0x00007ff96e3ff000 	C:\Windows\System32\SHELL32.dll
0x00007ff969a00000 - 0x00007ff96a2c8000 	C:\Windows\SYSTEM32\windows.storage.dll
0x00007ff9698c0000 - 0x00007ff9699fe000 	C:\Windows\SYSTEM32\wintypes.dll
0x00007ff96e4d0000 - 0x00007ff96e5c1000 	C:\Windows\System32\SHCORE.dll
0x00007ff96d7c0000 - 0x00007ff96d81e000 	C:\Windows\System32\shlwapi.dll
0x00007ff96b960000 - 0x00007ff96b981000 	C:\Windows\SYSTEM32\profapi.dll
0x00007ff94cfb0000 - 0x00007ff94cfc9000 	C:\Users\yvang\.vscode-insiders\extensions\redhat.java-1.15.0-win32-x64\jre\17.0.6-win32-x86_64\bin\net.dll
0x00007ff967e90000 - 0x00007ff967fbf000 	C:\Windows\SYSTEM32\WINHTTP.dll
0x00007ff96afa0000 - 0x00007ff96b009000 	C:\Windows\system32\mswsock.dll
0x00007ff94ccd0000 - 0x00007ff94cce5000 	C:\Users\yvang\.vscode-insiders\extensions\redhat.java-1.15.0-win32-x64\jre\17.0.6-win32-x86_64\bin\nio.dll
0x00007ff959cd0000 - 0x00007ff959ce0000 	c:\Users\yvang\.vscode-insiders\extensions\redhat.java-1.15.0-win32-x64\jre\17.0.6-win32-x86_64\bin\verify.dll
0x00007ff96b220000 - 0x00007ff96b23b000 	C:\Windows\SYSTEM32\CRYPTSP.dll
0x00007ff96aa20000 - 0x00007ff96aa55000 	C:\Windows\system32\rsaenh.dll
0x00007ff96b080000 - 0x00007ff96b0a8000 	C:\Windows\SYSTEM32\USERENV.dll
0x00007ff96b3d0000 - 0x00007ff96b3f8000 	C:\Windows\SYSTEM32\bcrypt.dll
0x00007ff96b210000 - 0x00007ff96b21c000 	C:\Windows\SYSTEM32\CRYPTBASE.dll
0x00007ff96a520000 - 0x00007ff96a54d000 	C:\Windows\SYSTEM32\IPHLPAPI.DLL
0x00007ff96c890000 - 0x00007ff96c899000 	C:\Windows\System32\NSI.dll
0x00007ff9634e0000 - 0x00007ff9634f9000 	C:\Windows\SYSTEM32\dhcpcsvc6.DLL
0x00007ff963480000 - 0x00007ff96349f000 	C:\Windows\SYSTEM32\dhcpcsvc.DLL
0x00007ff96a590000 - 0x00007ff96a682000 	C:\Windows\SYSTEM32\DNSAPI.dll
0x00007ff9501d0000 - 0x00007ff9501d9000 	C:\Users\yvang\.vscode-insiders\extensions\redhat.java-1.15.0-win32-x64\jre\17.0.6-win32-x86_64\bin\management.dll
0x00007ff94f820000 - 0x00007ff94f82b000 	C:\Users\yvang\.vscode-insiders\extensions\redhat.java-1.15.0-win32-x64\jre\17.0.6-win32-x86_64\bin\management_ext.dll
0x00007ff96cdd0000 - 0x00007ff96cdd8000 	C:\Windows\System32\PSAPI.DLL
0x00007ff94eb70000 - 0x00007ff94eb7e000 	C:\Users\yvang\.vscode-insiders\extensions\redhat.java-1.15.0-win32-x64\jre\17.0.6-win32-x86_64\bin\sunmscapi.dll
0x00007ff96c0f0000 - 0x00007ff96c256000 	C:\Windows\System32\CRYPT32.dll
0x00007ff96b3a0000 - 0x00007ff96b3cd000 	C:\Windows\SYSTEM32\ncrypt.dll
0x00007ff96b360000 - 0x00007ff96b397000 	C:\Windows\SYSTEM32\NTASN1.dll
0x00007ff961f60000 - 0x00007ff961f6a000 	C:\Windows\System32\rasadhlp.dll
0x00007ff962b90000 - 0x00007ff962c13000 	C:\Windows\System32\fwpuclnt.dll
0x00007ff9493c0000 - 0x00007ff9493c9000 	C:\Users\yvang\.vscode-insiders\extensions\redhat.java-1.15.0-win32-x64\jre\17.0.6-win32-x86_64\bin\attach.dll
0x00007ff947e30000 - 0x00007ff947e47000 	C:\Windows\system32\napinsp.dll
0x00007ff947d90000 - 0x00007ff947dab000 	C:\Windows\system32\pnrpnsp.dll
0x00007ff947d30000 - 0x00007ff947d41000 	C:\Windows\System32\winrnr.dll
0x00007ff963460000 - 0x00007ff963475000 	C:\Windows\system32\wshbth.dll
0x00007ff947d00000 - 0x00007ff947d21000 	C:\Windows\system32\nlansp_c.dll
0x00007ff94b4d0000 - 0x00007ff94b4d7000 	C:\Users\yvang\.vscode-insiders\extensions\redhat.java-1.15.0-win32-x64\jre\17.0.6-win32-x86_64\bin\rmi.dll
0x000000006c500000 - 0x000000006c5c7000 	C:\Users\yvang\AppData\Local\Temp\snappy-1.1.8-e15c9c7f-31c1-49e8-81e7-6997e2e554da-snappyjava.dll

dbghelp: loaded successfully - version: 4.0.5 - missing functions: none
symbol engine: initialized successfully - sym options: 0x614 - pdb path: .;c:\Users\yvang\.vscode-insiders\extensions\redhat.java-1.15.0-win32-x64\jre\17.0.6-win32-x86_64\bin;C:\Windows\SYSTEM32;C:\Program Files\Avast Software\Avast;C:\Windows\WinSxS\amd64_microsoft.windows.common-controls_6595b64144ccf1df_6.0.22621.436_none_a94247dbc10d8414;c:\Users\yvang\.vscode-insiders\extensions\redhat.java-1.15.0-win32-x64\jre\17.0.6-win32-x86_64\bin\server;C:\Users\yvang\AppData\Local\Temp

VM Arguments:
jvm_args: -XX:+HeapDumpOnOutOfMemoryError -Xmx1024m -Dsts.lsp.client=vscode -Dsts.log.file=/dev/null -XX:TieredStopAtLevel=1 -Xlog:jni+resolve=off -Dspring.config.location=file:c:\Users\yvang\.vscode-insiders\extensions\vmware.vscode-spring-boot-1.44.0\language-server\BOOT-INF\classes\application.properties 
java_command: org.springframework.ide.vscode.boot.app.BootLanguageServerBootApp
java_class_path (initial): c:\Users\yvang\.vscode-insiders\extensions\vmware.vscode-spring-boot-1.44.0\language-server\BOOT-INF\classes;c:\Users\yvang\.vscode-insiders\extensions\vmware.vscode-spring-boot-1.44.0\language-server\BOOT-INF\lib\annotations-24.0.0.jar;c:\Users\yvang\.vscode-insiders\extensions\vmware.vscode-spring-boot-1.44.0\language-server\BOOT-INF\lib\ant-1.10.13.jar;c:\Users\yvang\.vscode-insiders\extensions\vmware.vscode-spring-boot-1.44.0\language-server\BOOT-INF\lib\ant-launcher-1.10.13.jar;c:\Users\yvang\.vscode-insiders\extensions\vmware.vscode-spring-boot-1.44.0\language-server\BOOT-INF\lib\antlr-runtime-3.5.2.jar;c:\Users\yvang\.vscode-insiders\extensions\vmware.vscode-spring-boot-1.44.0\language-server\BOOT-INF\lib\antlr4-4.9.3.jar;c:\Users\yvang\.vscode-insiders\extensions\vmware.vscode-spring-boot-1.44.0\language-server\BOOT-INF\lib\antlr4-runtime-4.9.3.jar;c:\Users\yvang\.vscode-insiders\extensions\vmware.vscode-spring-boot-1.44.0\language-server\BOOT-INF\lib\apiguardian-api-1.1.2.jar;c:\Users\yvang\.vscode-insiders\extensions\vmware.vscode-spring-boot-1.44.0\language-server\BOOT-INF\lib\asm-9.4.jar;c:\Users\yvang\.vscode-insiders\extensions\vmware.vscode-spring-boot-1.44.0\language-server\BOOT-INF\lib\asm-analysis-9.4.jar;c:\Users\yvang\.vscode-insiders\extensions\vmware.vscode-spring-boot-1.44.0\language-server\BOOT-INF\lib\asm-tree-9.4.jar;c:\Users\yvang\.vscode-insiders\extensions\vmware.vscode-spring-boot-1.44.0\language-server\BOOT-INF\lib\asm-util-9.4.jar;c:\Users\yvang\.vscode-insiders\extensions\vmware.vscode-spring-boot-1.44.0\language-server\BOOT-INF\lib\caffeine-3.1.2.jar;c:\Users\yvang\.vscode-insiders\extensions\vmware.vscode-spring-boot-1.44.0\language-server\BOOT-INF\lib\checker-qual-3.12.0.jar;c:\Users\yvang\.vscode-insiders\extensions\vmware.vscode-spring-boot-1.44.0\language-server\BOOT-INF\lib\ci-environment-9.1.0.jar;c:\Users\yvang\.vscode-insiders\extensions\vmware.vscode-spring-boot-1.44.0\language-server\BOOT-INF\
Launcher Type: SUN_STANDARD

[Global flags]
     intx CICompilerCount                          = 4                                         {product} {ergonomic}
     uint ConcGCThreads                            = 2                                         {product} {ergonomic}
     uint G1ConcRefinementThreads                  = 8                                         {product} {ergonomic}
   size_t G1HeapRegionSize                         = 1048576                                   {product} {ergonomic}
    uintx GCDrainStackTargetSize                   = 64                                        {product} {ergonomic}
     bool HeapDumpOnOutOfMemoryError               = true                                   {manageable} {command line}
   size_t InitialHeapSize                          = 266338304                                 {product} {ergonomic}
   size_t MarkStackSize                            = 4194304                                   {product} {ergonomic}
   size_t MaxHeapSize                              = 1073741824                                {product} {command line}
   size_t MaxNewSize                               = 643825664                                 {product} {ergonomic}
   size_t MinHeapDeltaBytes                        = 1048576                                   {product} {ergonomic}
   size_t MinHeapSize                              = 8388608                                   {product} {ergonomic}
    uintx NonProfiledCodeHeapSize                  = 0                                      {pd product} {ergonomic}
     bool ProfileInterpreter                       = false                                  {pd product} {command line}
    uintx ProfiledCodeHeapSize                     = 0                                      {pd product} {ergonomic}
   size_t SoftMaxHeapSize                          = 1073741824                             {manageable} {ergonomic}
     intx TieredStopAtLevel                        = 1                                         {product} {command line}
     bool UseCompressedClassPointers               = true                           {product lp64_product} {ergonomic}
     bool UseCompressedOops                        = true                           {product lp64_product} {ergonomic}
     bool UseG1GC                                  = true                                      {product} {ergonomic}
     bool UseLargePagesIndividualAllocation        = false                                  {pd product} {ergonomic}

Logging:
Log output configuration:
 #0: stdout all=warning,jni+resolve=off uptime,level,tags
 #1: stderr all=off uptime,level,tags

Environment Variables:
JAVA_HOME=C:\Users\yvang\scoop\apps\openjdk18\current
PATH=C:\Windows\system32;C:\Windows;C:\Windows\System32\Wbem;C:\Windows\System32\WindowsPowerShell\v1.0\;C:\Windows\System32\OpenSSH\;C:\Program Files (x86)\NVIDIA Corporation\PhysX\Common;C:\Program Files\NVIDIA Corporation\NVIDIA NvDLISR;C:\Program Files\PowerShell\7\;C:\Program Files (x86)\Microsoft SQL Server\160\DTS\Binn\;C:\Program Files\Azure Data Studio\bin;C:\Users\yvang\scoop\apps\openjdk18\current\bin;C:\Users\yvang\scoop\apps\maven\current\bin;C:\Users\yvang\scoop\apps\nodejs-lts\current\bin;C:\Users\yvang\scoop\apps\nodejs-lts\current;C:\Users\yvang\scoop\shims;C:\Users\yvang\AppData\Local\Microsoft\WindowsApps;C:\Users\yvang\AppData\Local\Programs\Microsoft VS Code Insiders\bin;C:\Users\yvang\AppData\Local\Programs\Microsoft VS Code\bin;C:\Program Files\Azure Data Studio\bin
USERNAME=yvang
OS=Windows_NT
PROCESSOR_IDENTIFIER=Intel64 Family 6 Model 142 Stepping 12, GenuineIntel
TMP=C:\Users\yvang\AppData\Local\Temp
TEMP=C:\Users\yvang\AppData\Local\Temp



---------------  S Y S T E M  ---------------

OS:
 Windows 11 , 64 bit Build 22621 (10.0.22621.1037)
OS uptime: 1 days 2:58 hours
Hyper-V role detected

CPU: total 8 (initial active 8) (4 cores per cpu, 2 threads per core) family 6 model 142 stepping 12 microcode 0xde, cx8, cmov, fxsr, ht, mmx, 3dnowpref, sse, sse2, sse3, ssse3, sse4.1, sse4.2, popcnt, lzcnt, tsc, tscinvbit, avx, avx2, aes, erms, clmul, bmi1, bmi2, adx, fma, vzeroupper, clflush, clflushopt, hv

Memory: 4k page, system-wide physical 16212M (1376M free)
TotalPageFile size 30644M (AvailPageFile size 4M)
current process WorkingSet (physical memory assigned to process): 296M, peak: 668M
current process commit charge ("private bytes"): 327M, peak: 683M

vm_info: OpenJDK 64-Bit Server VM (17.0.6+10) for windows-amd64 JRE (17.0.6+10), built on Jan 18 2023 10:08:59 by "temurin" with MS VC++ 16.7 (VS2019)

END.
